<?xml version="1.0" encoding="UTF-8"?>
<testsuite xmlns:xsi="http://www.w3.org/2001/XMLSchema-instance" xsi:noNamespaceSchemaLocation="https://maven.apache.org/surefire/maven-surefire-plugin/xsd/surefire-test-report.xsd" name="TestSuite" time="19.415" tests="1" errors="0" skipped="0" failures="0">
  <properties>
    <property name="java.specification.version" value="14"/>
    <property name="sun.cpu.isalist" value="amd64"/>
    <property name="sun.jnu.encoding" value="Cp1252"/>
    <property name="java.class.path" value="C:\Users\aa1f6zz\.m2\repository\org\apache\maven\surefire\surefire-booter\2.22.0\surefire-booter-2.22.0.jar;C:\Users\aa1f6zz\.m2\repository\org\apache\maven\surefire\surefire-api\2.22.0\surefire-api-2.22.0.jar;C:\Users\aa1f6zz\.m2\repository\org\apache\maven\surefire\surefire-logger-api\2.22.0\surefire-logger-api-2.22.0.jar;C:\Users\aa1f6zz\Desktop\Projects\Ucreativa\target\test-classes;C:\Users\aa1f6zz\Desktop\Projects\Ucreativa\target\classes;C:\Users\aa1f6zz\.m2\repository\org\seleniumhq\selenium\selenium-java\3.141.59\selenium-java-3.141.59.jar;C:\Users\aa1f6zz\.m2\repository\org\seleniumhq\selenium\selenium-api\3.141.59\selenium-api-3.141.59.jar;C:\Users\aa1f6zz\.m2\repository\org\seleniumhq\selenium\selenium-chrome-driver\3.141.59\selenium-chrome-driver-3.141.59.jar;C:\Users\aa1f6zz\.m2\repository\org\seleniumhq\selenium\selenium-edge-driver\3.141.59\selenium-edge-driver-3.141.59.jar;C:\Users\aa1f6zz\.m2\repository\org\seleniumhq\selenium\selenium-firefox-driver\3.141.59\selenium-firefox-driver-3.141.59.jar;C:\Users\aa1f6zz\.m2\repository\org\seleniumhq\selenium\selenium-ie-driver\3.141.59\selenium-ie-driver-3.141.59.jar;C:\Users\aa1f6zz\.m2\repository\org\seleniumhq\selenium\selenium-opera-driver\3.141.59\selenium-opera-driver-3.141.59.jar;C:\Users\aa1f6zz\.m2\repository\org\seleniumhq\selenium\selenium-remote-driver\3.141.59\selenium-remote-driver-3.141.59.jar;C:\Users\aa1f6zz\.m2\repository\org\seleniumhq\selenium\selenium-safari-driver\3.141.59\selenium-safari-driver-3.141.59.jar;C:\Users\aa1f6zz\.m2\repository\org\seleniumhq\selenium\selenium-support\3.141.59\selenium-support-3.141.59.jar;C:\Users\aa1f6zz\.m2\repository\net\bytebuddy\byte-buddy\1.8.15\byte-buddy-1.8.15.jar;C:\Users\aa1f6zz\.m2\repository\org\apache\commons\commons-exec\1.3\commons-exec-1.3.jar;C:\Users\aa1f6zz\.m2\repository\com\google\guava\guava\25.0-jre\guava-25.0-jre.jar;C:\Users\aa1f6zz\.m2\repository\com\google\code\findbugs\jsr305\1.3.9\jsr305-1.3.9.jar;C:\Users\aa1f6zz\.m2\repository\org\checkerframework\checker-compat-qual\2.0.0\checker-compat-qual-2.0.0.jar;C:\Users\aa1f6zz\.m2\repository\com\google\errorprone\error_prone_annotations\2.1.3\error_prone_annotations-2.1.3.jar;C:\Users\aa1f6zz\.m2\repository\com\google\j2objc\j2objc-annotations\1.1\j2objc-annotations-1.1.jar;C:\Users\aa1f6zz\.m2\repository\org\codehaus\mojo\animal-sniffer-annotations\1.14\animal-sniffer-annotations-1.14.jar;C:\Users\aa1f6zz\.m2\repository\com\squareup\okhttp3\okhttp\3.11.0\okhttp-3.11.0.jar;C:\Users\aa1f6zz\.m2\repository\com\squareup\okio\okio\1.14.0\okio-1.14.0.jar;C:\Users\aa1f6zz\.m2\repository\org\testng\testng\7.1.0\testng-7.1.0.jar;C:\Users\aa1f6zz\.m2\repository\com\beust\jcommander\1.72\jcommander-1.72.jar;C:\Users\aa1f6zz\.m2\repository\com\google\inject\guice\4.1.0\guice-4.1.0-no_aop.jar;C:\Users\aa1f6zz\.m2\repository\javax\inject\javax.inject\1\javax.inject-1.jar;C:\Users\aa1f6zz\.m2\repository\aopalliance\aopalliance\1.0\aopalliance-1.0.jar;C:\Users\aa1f6zz\.m2\repository\org\yaml\snakeyaml\1.21\snakeyaml-1.21.jar;C:\Users\aa1f6zz\.m2\repository\io\qameta\allure\allure-testng\2.13.3\allure-testng-2.13.3.jar;C:\Users\aa1f6zz\.m2\repository\io\qameta\allure\allure-java-commons\2.13.3\allure-java-commons-2.13.3.jar;C:\Users\aa1f6zz\.m2\repository\io\qameta\allure\allure-model\2.13.3\allure-model-2.13.3.jar;C:\Users\aa1f6zz\.m2\repository\org\slf4j\slf4j-api\1.7.30\slf4j-api-1.7.30.jar;C:\Users\aa1f6zz\.m2\repository\com\fasterxml\jackson\core\jackson-databind\2.9.8\jackson-databind-2.9.8.jar;C:\Users\aa1f6zz\.m2\repository\com\fasterxml\jackson\core\jackson-annotations\2.9.0\jackson-annotations-2.9.0.jar;C:\Users\aa1f6zz\.m2\repository\com\fasterxml\jackson\core\jackson-core\2.9.8\jackson-core-2.9.8.jar;C:\Users\aa1f6zz\.m2\repository\org\apache\tika\tika-core\1.20\tika-core-1.20.jar;C:\Users\aa1f6zz\.m2\repository\org\jooq\joor-java-8\0.9.10\joor-java-8-0.9.10.jar;C:\Users\aa1f6zz\.m2\repository\org\apache\maven\surefire\surefire-testng-utils\2.22.0\surefire-testng-utils-2.22.0.jar;C:\Users\aa1f6zz\.m2\repository\org\apache\maven\surefire\surefire-grouper\2.22.0\surefire-grouper-2.22.0.jar;C:\Users\aa1f6zz\.m2\repository\org\apache\maven\surefire\surefire-testng\2.22.0\surefire-testng-2.22.0.jar;C:\Users\aa1f6zz\.m2\repository\org\apache\maven\surefire\common-java5\2.22.0\common-java5-2.22.0.jar"/>
    <property name="java.vm.vendor" value="Oracle Corporation"/>
    <property name="sun.arch.data.model" value="64"/>
    <property name="user.variant" value=""/>
    <property name="java.vendor.url" value="https://java.oracle.com/"/>
    <property name="user.timezone" value="America/Guatemala"/>
    <property name="os.name" value="Windows 10"/>
    <property name="java.vm.specification.version" value="14"/>
    <property name="sun.java.launcher" value="SUN_STANDARD"/>
    <property name="user.country" value="US"/>
    <property name="sun.boot.library.path" value="C:\Program Files\Java\jdk-14.0.1\bin"/>
    <property name="sun.java.command" value="org.apache.maven.surefire.booter.ForkedBooter C:\Users\aa1f6zz\AppData\Local\Temp\1\surefire16249843288213016941 2020-06-13T18-08-11_895-jvmRun1 surefire14115497104089569102tmp surefire_07149287151515582426tmp"/>
    <property name="jdk.debug" value="release"/>
    <property name="surefire.test.class.path" value="C:\Users\aa1f6zz\Desktop\Projects\Ucreativa\target\test-classes;C:\Users\aa1f6zz\Desktop\Projects\Ucreativa\target\classes;C:\Users\aa1f6zz\.m2\repository\org\seleniumhq\selenium\selenium-java\3.141.59\selenium-java-3.141.59.jar;C:\Users\aa1f6zz\.m2\repository\org\seleniumhq\selenium\selenium-api\3.141.59\selenium-api-3.141.59.jar;C:\Users\aa1f6zz\.m2\repository\org\seleniumhq\selenium\selenium-chrome-driver\3.141.59\selenium-chrome-driver-3.141.59.jar;C:\Users\aa1f6zz\.m2\repository\org\seleniumhq\selenium\selenium-edge-driver\3.141.59\selenium-edge-driver-3.141.59.jar;C:\Users\aa1f6zz\.m2\repository\org\seleniumhq\selenium\selenium-firefox-driver\3.141.59\selenium-firefox-driver-3.141.59.jar;C:\Users\aa1f6zz\.m2\repository\org\seleniumhq\selenium\selenium-ie-driver\3.141.59\selenium-ie-driver-3.141.59.jar;C:\Users\aa1f6zz\.m2\repository\org\seleniumhq\selenium\selenium-opera-driver\3.141.59\selenium-opera-driver-3.141.59.jar;C:\Users\aa1f6zz\.m2\repository\org\seleniumhq\selenium\selenium-remote-driver\3.141.59\selenium-remote-driver-3.141.59.jar;C:\Users\aa1f6zz\.m2\repository\org\seleniumhq\selenium\selenium-safari-driver\3.141.59\selenium-safari-driver-3.141.59.jar;C:\Users\aa1f6zz\.m2\repository\org\seleniumhq\selenium\selenium-support\3.141.59\selenium-support-3.141.59.jar;C:\Users\aa1f6zz\.m2\repository\net\bytebuddy\byte-buddy\1.8.15\byte-buddy-1.8.15.jar;C:\Users\aa1f6zz\.m2\repository\org\apache\commons\commons-exec\1.3\commons-exec-1.3.jar;C:\Users\aa1f6zz\.m2\repository\com\google\guava\guava\25.0-jre\guava-25.0-jre.jar;C:\Users\aa1f6zz\.m2\repository\com\google\code\findbugs\jsr305\1.3.9\jsr305-1.3.9.jar;C:\Users\aa1f6zz\.m2\repository\org\checkerframework\checker-compat-qual\2.0.0\checker-compat-qual-2.0.0.jar;C:\Users\aa1f6zz\.m2\repository\com\google\errorprone\error_prone_annotations\2.1.3\error_prone_annotations-2.1.3.jar;C:\Users\aa1f6zz\.m2\repository\com\google\j2objc\j2objc-annotations\1.1\j2objc-annotations-1.1.jar;C:\Users\aa1f6zz\.m2\repository\org\codehaus\mojo\animal-sniffer-annotations\1.14\animal-sniffer-annotations-1.14.jar;C:\Users\aa1f6zz\.m2\repository\com\squareup\okhttp3\okhttp\3.11.0\okhttp-3.11.0.jar;C:\Users\aa1f6zz\.m2\repository\com\squareup\okio\okio\1.14.0\okio-1.14.0.jar;C:\Users\aa1f6zz\.m2\repository\org\testng\testng\7.1.0\testng-7.1.0.jar;C:\Users\aa1f6zz\.m2\repository\com\beust\jcommander\1.72\jcommander-1.72.jar;C:\Users\aa1f6zz\.m2\repository\com\google\inject\guice\4.1.0\guice-4.1.0-no_aop.jar;C:\Users\aa1f6zz\.m2\repository\javax\inject\javax.inject\1\javax.inject-1.jar;C:\Users\aa1f6zz\.m2\repository\aopalliance\aopalliance\1.0\aopalliance-1.0.jar;C:\Users\aa1f6zz\.m2\repository\org\yaml\snakeyaml\1.21\snakeyaml-1.21.jar;C:\Users\aa1f6zz\.m2\repository\io\qameta\allure\allure-testng\2.13.3\allure-testng-2.13.3.jar;C:\Users\aa1f6zz\.m2\repository\io\qameta\allure\allure-java-commons\2.13.3\allure-java-commons-2.13.3.jar;C:\Users\aa1f6zz\.m2\repository\io\qameta\allure\allure-model\2.13.3\allure-model-2.13.3.jar;C:\Users\aa1f6zz\.m2\repository\org\slf4j\slf4j-api\1.7.30\slf4j-api-1.7.30.jar;C:\Users\aa1f6zz\.m2\repository\com\fasterxml\jackson\core\jackson-databind\2.9.8\jackson-databind-2.9.8.jar;C:\Users\aa1f6zz\.m2\repository\com\fasterxml\jackson\core\jackson-annotations\2.9.0\jackson-annotations-2.9.0.jar;C:\Users\aa1f6zz\.m2\repository\com\fasterxml\jackson\core\jackson-core\2.9.8\jackson-core-2.9.8.jar;C:\Users\aa1f6zz\.m2\repository\org\apache\tika\tika-core\1.20\tika-core-1.20.jar;C:\Users\aa1f6zz\.m2\repository\org\jooq\joor-java-8\0.9.10\joor-java-8-0.9.10.jar;C:\Users\aa1f6zz\.m2\repository\org\apache\maven\surefire\surefire-testng-utils\2.22.0\surefire-testng-utils-2.22.0.jar;C:\Users\aa1f6zz\.m2\repository\org\apache\maven\surefire\surefire-grouper\2.22.0\surefire-grouper-2.22.0.jar;"/>
    <property name="sun.cpu.endian" value="little"/>
    <property name="user.home" value="C:\Users\aa1f6zz"/>
    <property name="user.language" value="en"/>
    <property name="java.specification.vendor" value="Oracle Corporation"/>
    <property name="java.version.date" value="2020-04-14"/>
    <property name="java.home" value="C:\Program Files\Java\jdk-14.0.1"/>
    <property name="file.separator" value="\"/>
    <property name="basedir" value="C:\Users\aa1f6zz\Desktop\Projects\Ucreativa"/>
    <property name="java.vm.compressedOopsMode" value="32-bit"/>
    <property name="line.separator" value="&#10;"/>
    <property name="java.specification.name" value="Java Platform API Specification"/>
    <property name="java.vm.specification.vendor" value="Oracle Corporation"/>
    <property name="user.script" value=""/>
    <property name="sun.management.compiler" value="HotSpot 64-Bit Tiered Compilers"/>
    <property name="java.runtime.version" value="14.0.1+7"/>
    <property name="user.name" value="AA1F6ZZ"/>
    <property name="path.separator" value=";"/>
    <property name="os.version" value="10.0"/>
    <property name="java.runtime.name" value="Java(TM) SE Runtime Environment"/>
    <property name="file.encoding" value="Cp1252"/>
    <property name="java.vm.name" value="Java HotSpot(TM) 64-Bit Server VM"/>
    <property name="localRepository" value="C:\Users\aa1f6zz\.m2\repository"/>
    <property name="java.vendor.url.bug" value="https://bugreport.java.com/bugreport/"/>
    <property name="java.io.tmpdir" value="C:\Users\aa1f6zz\AppData\Local\Temp\1\"/>
    <property name="java.version" value="14.0.1"/>
    <property name="user.dir" value="C:\Users\aa1f6zz\Desktop\Projects\Ucreativa"/>
    <property name="os.arch" value="amd64"/>
    <property name="java.vm.specification.name" value="Java Virtual Machine Specification"/>
    <property name="sun.os.patch.level" value=""/>
    <property name="java.library.path" value="C:\Program Files\Java\jdk-14.0.1\bin;C:\Windows\Sun\Java\bin;C:\Windows\system32;C:\Windows;C:\Program Files\Common Files\Microsoft Shared\Microsoft Online Services;C:\Program Files (x86)\Common Files\Microsoft Shared\Microsoft Online Services;C:\Windows\system32;C:\Windows;C:\Windows\System32\Wbem;C:\Windows\System32\WindowsPowerShell\v1.0\;C:\Windows\System32\OpenSSH\;C:\Program Files (x86)\Intel\Intel(R) Management Engine Components\DAL;C:\Program Files\Intel\Intel(R) Management Engine Components\DAL;C:\Program Files\Intel\WiFi\bin\;C:\Program Files\Common Files\Intel\WirelessCommon\;C:\Program Files\1E\Client\Extensibility\NomadBranch;C:\Program Files\Java\jdk-14.0.1\bin;C:\Users\aa1f6zz\Desktop\QAAutomation\apache-maven-3.6.3-bin\apache-maven-3.6.3\bin;C:\Users\aa1f6zz\scoop\apps\ruby\current\gems\bin;C:\Users\aa1f6zz\scoop\apps\ruby\current\bin;C:\Users\aa1f6zz\scoop\shims;C:\Users\aa1f6zz\AppData\Local\Microsoft\WindowsApps;C:\Users\aa1f6zz\AppData\Local\GitHubDesktop\bin;C:\Users\aa1f6zz\AppData\Local\Programs\Git\cmd;."/>
    <property name="java.vm.info" value="mixed mode, sharing"/>
    <property name="java.vendor" value="Oracle Corporation"/>
    <property name="java.vm.version" value="14.0.1+7"/>
    <property name="sun.io.unicode.encoding" value="UnicodeLittle"/>
    <property name="java.class.version" value="58.0"/>
  </properties>
  <testcase name="user_login" classname="clase_3" time="16.061"/>
</testsuite>