<?xml version="1.0" encoding="UTF-8"?>
<!-- Generated by org.testng.reporters.JUnitReportReporter -->
<testsuite hostname="AGSC811KF" failures="0" tests="1" name="clase_3" time="16.048" errors="0" timestamp="2020-06-13T18:08:34 CST" skipped="0">
  <testcase classname="clase_3" name="user_login" time="16.048"/>
  <system-out/>
</testsuite> <!-- clase_3 -->
